<?xml version="1.0" encoding="UTF-8"?>
<!-- Generated by org.testng.reporters.JUnitXMLReporter -->
<testsuite ignored="0" hostname="CISPL-IO-756.local" failures="0" tests="5" name="Default test(failed)" time="4.315" errors="0" timestamp="2024-01-25T08:53:36 IST">
  <testcase classname="com.api.test.LoginApiTest" name="test_logi_api_request" time="1.012"/>
  <testcase classname="com.api.test.CreateJobApiTest" name="test_create_job_api_test" time="0.967"/>
  <testcase classname="com.api.test.SupLoginApiTest" name="test_sup_login_api_request" time="0.114"/>
  <testcase classname="com.api.test.SupPendingApiTest" name="test_sup_pending_api_test" time="1.587"/>
  <testcase classname="com.api.test.SupAssignJobApiTest" name="test_sup_assign_api_request" time="0.464"/>
</testsuite> <!-- Default test(failed) -->
