<?xml version="1.0" encoding="UTF-8"?>
<!-- Generated by org.testng.reporters.JUnitXMLReporter -->
<testsuite ignored="0" hostname="CISPL-IO-756.local" failures="0" tests="3" name="Default test" time="1.839" errors="0" timestamp="2024-04-20T18:07:13 IST">
  <testcase classname="com.api.test.LoginApiTest" name="Login Api Test" time="1.081">
    <skipped/>
  </testcase> <!-- Login Api Test -->
  <testcase classname="com.api.test.LoginApiTest" name="Login Api Test" time="0.173">
    <skipped/>
  </testcase> <!-- Login Api Test -->
  <testcase classname="com.api.test.LoginApiTest" name="Login Api Test" time="0.349"/>
</testsuite> <!-- Default test -->
