<?xml version="1.0" encoding="UTF-8"?>
<!-- Generated by org.testng.reporters.JUnitXMLReporter -->
<testsuite ignored="6" hostname="CISPL-IO-756.local" failures="0" tests="0" time="0.09" errors="0" timestamp="2024-05-25T00:28:37 IST">
  <testcase classname="com.api.tests.SupPendingApiTest" name="test_sup_pending_api_test" time="0.0">
    <ignored/>
  </testcase> <!-- test_sup_pending_api_test -->
  <testcase classname="com.api.tests.SupAssignJobApiTest" name="test_sup_assign_api_request" time="0.0">
    <ignored/>
  </testcase> <!-- test_sup_assign_api_request -->
  <testcase classname="com.api.tests.CreateJobApiTest" name="test_create_job_api_test" time="0.0">
    <ignored/>
  </testcase> <!-- test_create_job_api_test -->
  <testcase classname="com.api.tests.SupLoginApiTest" name="test_sup_login_api_request" time="0.0">
    <ignored/>
  </testcase> <!-- test_sup_login_api_request -->
  <testcase classname="com.api.tests.DataProviderLoginApiTest" name="test_logi_api_request" time="0.0">
    <ignored/>
  </testcase> <!-- test_logi_api_request -->
  <testcase classname="com.api.tests.LoginApiTest" name="test_logi_api_request" time="0.0">
    <ignored/>
  </testcase> <!-- test_logi_api_request -->
</testsuite>
