<?xml version="1.0" encoding="UTF-8"?>
<!-- Generated by org.testng.reporters.JUnitXMLReporter -->
<testsuite ignored="0" hostname="CISPL-IO-756.local" failures="1" tests="1" name="LoginTest" time="14.969" errors="0" timestamp="2024-05-23T21:12:15 IST">
  <testcase classname="com.ui.tests.LoginPageTest" name="testLoginByUi" time="2.302">
    <failure type="java.lang.AssertionError" message="expected:&amp;lt;iamfd&amp;gt; but was:&amp;lt;iamsup&amp;gt;">
      <![CDATA[java.lang.AssertionError: expected:<iamfd> but was:<iamsup>
at com.ui.tests.LoginPageTest.testLoginByUi(LoginPageTest.java:37)
at java.base/java.util.ArrayList.forEach(ArrayList.java:1596)
... Removed 27 stack frames]]>
    </failure>
  </testcase> <!-- testLoginByUi -->
</testsuite> <!-- LoginTest -->
