<?xml version="1.0" encoding="UTF-8"?>
<!-- Generated by org.testng.reporters.JUnitXMLReporter -->
<testsuite ignored="1" hostname="CISPL-IO-756.local" failures="1" tests="1" name="Phoenix app UI SANITY Test" time="0.109" errors="0" timestamp="2024-05-25T00:26:10 IST">
  <testcase classname="com.ui.tests.LoginPageTest" name="testLoginByUi" time="0.003">
    <failure type="java.lang.NullPointerException" message="Cannot invoke &amp;quot;com.ui.pages.LoginPage.doLogin(String, String)&amp;quot; because &amp;quot;this.loginPage&amp;quot; is null">
      <![CDATA[java.lang.NullPointerException: Cannot invoke "com.ui.pages.LoginPage.doLogin(String, String)" because "this.loginPage" is null
at com.ui.tests.LoginPageTest.testLoginByUi(LoginPageTest.java:38)
at java.base/java.util.ArrayList.forEach(ArrayList.java:1596)
at com.runner.Runner.main(Runner.java:51)
... Removed 22 stack frames]]>
    </failure>
  </testcase> <!-- testLoginByUi -->
  <testcase classname="com.ui.tests.CreateJobPageTest" name="testCreateJobByUI" time="0.0">
    <ignored/>
  </testcase> <!-- testCreateJobByUI -->
</testsuite> <!-- Phoenix app UI SANITY Test -->
